<?xml version="1.0" encoding="UTF-8"?>
<testsuite xmlns:xsi="http://www.w3.org/2001/XMLSchema-instance" xsi:noNamespaceSchemaLocation="https://maven.apache.org/surefire/maven-surefire-plugin/xsd/surefire-test-report.xsd" version="3.0.2" name="com.cect.backend.BackendApplicationTests" time="13.393" tests="1" errors="0" skipped="0" failures="0">
  <properties>
[...]
</properties>
  <testcase name="contextLoads" classname="com.cect.backend.BackendApplicationTests" time="1.89">
    <system-out><![CDATA[08:45:39.327 [main] INFO org.springframework.test.context.support.AnnotationConfigContextLoaderUtils -- Could not detect default configuration classes for test class [com.cect.backend.BackendApplicationTests]: BackendApplicationTests does not declare any static, non-private, non-final, nested classes annotated with @Configuration.
08:45:39.640 [main] INFO org.springframework.boot.test.context.SpringBootTestContextBootstrapper -- Found @SpringBootConfiguration com.cect.backend.BackendApplication for test class com.cect.backend.BackendApplicationTests
08:45:40.115 [main] INFO org.springframework.boot.devtools.restart.RestartApplicationListener -- Restart disabled due to context in which it is running

  .   ____          _            __ _ _
 /\\ / ___'_ __ _ _(_)_ __  __ _ \ \ \ \
( ( )\___ | '_ | '_| | '_ \/ _` | \ \ \ \
 \\/  ___)| |_)| | | | | || (_| |  ) ) ) )
  '  |____| .__|_| |_|_| |_\__, | / / / /
 =========|_|==============|___/=/_/_/_/

 :: Spring Boot ::                (v3.4.1)

2025-01-26T08:45:41.011+05:30  INFO 12716 --- [backend] [           main] c.cect.backend.BackendApplicationTests   : Starting BackendApplicationTests using Java 23.0.1 with PID 12716 (started by user in E:\CECT\backend)
2025-01-26T08:45:41.016+05:30  INFO 12716 --- [backend] [           main] c.cect.backend.BackendApplicationTests   : No active profile set, falling back to 1 default profile: "default"
2025-01-26T08:45:43.194+05:30  INFO 12716 --- [backend] [           main] .s.d.r.c.RepositoryConfigurationDelegate : Multiple Spring Data modules found, entering strict repository configuration mode
2025-01-26T08:45:43.197+05:30  INFO 12716 --- [backend] [           main] .s.d.r.c.RepositoryConfigurationDelegate : Bootstrapping Spring Data MongoDB repositories in DEFAULT mode.
2025-01-26T08:45:43.815+05:30  INFO 12716 --- [backend] [           main] .s.d.r.c.RepositoryConfigurationDelegate : Finished Spring Data repository scanning in 598 ms. Found 5 MongoDB repository interfaces.
2025-01-26T08:45:47.192+05:30  INFO 12716 --- [backend] [           main] org.mongodb.driver.client                : MongoClient with metadata {"driver": {"name": "mongo-java-driver|sync|spring-boot", "version": "5.2.1"}, "os": {"type": "Windows", "name": "Windows 10", "architecture": "amd64", "version": "10.0"}, "platform": "Java/Oracle Corporation/23.0.1+11-39"} created with settings MongoClientSettings{readPreference=primary, writeConcern=WriteConcern{w=majority, wTimeout=null ms, journal=null}, retryWrites=true, retryReads=true, readConcern=ReadConcern{level=null}, credential=MongoCredential{mechanism=null, userName='vignesh', source='admin', password=<hidden>, mechanismProperties=<hidden>}, transportSettings=null, commandListeners=[], codecRegistry=ProvidersCodecRegistry{codecProviders=[ValueCodecProvider{}, BsonValueCodecProvider{}, DBRefCodecProvider{}, DBObjectCodecProvider{}, DocumentCodecProvider{}, CollectionCodecProvider{}, IterableCodecProvider{}, MapCodecProvider{}, GeoJsonCodecProvider{}, GridFSFileCodecProvider{}, Jsr310CodecProvider{}, JsonObjectCodecProvider{}, BsonCodecProvider{}, EnumCodecProvider{}, com.mongodb.client.model.mql.ExpressionCodecProvider@4d09cade, com.mongodb.Jep395RecordCodecProvider@1f87607c, com.mongodb.KotlinCodecProvider@4b862408]}, loggerSettings=LoggerSettings{maxDocumentLength=1000}, clusterSettings={hosts=[127.0.0.1:27017], srvHost=cluster0.cj8ilyk.mongodb.net, srvServiceName=mongodb, mode=MULTIPLE, requiredClusterType=REPLICA_SET, requiredReplicaSetName='atlas-6xe1kd-shard-0', serverSelector='null', clusterListeners='[]', serverSelectionTimeout='30000 ms', localThreshold='15 ms'}, socketSettings=SocketSettings{connectTimeoutMS=10000, readTimeoutMS=0, receiveBufferSize=0, proxySettings=ProxySettings{host=null, port=null, username=null, password=null}}, heartbeatSocketSettings=SocketSettings{connectTimeoutMS=10000, readTimeoutMS=10000, receiveBufferSize=0, proxySettings=ProxySettings{host=null, port=null, username=null, password=null}}, connectionPoolSettings=ConnectionPoolSettings{maxSize=100, minSize=0, maxWaitTimeMS=120000, maxConnectionLifeTimeMS=0, maxConnectionIdleTimeMS=0, maintenanceInitialDelayMS=0, maintenanceFrequencyMS=60000, connectionPoolListeners=[], maxConnecting=2}, serverSettings=ServerSettings{heartbeatFrequencyMS=10000, minHeartbeatFrequencyMS=500, serverMonitoringMode=AUTO, serverListeners='[]', serverMonitorListeners='[]'}, sslSettings=SslSettings{enabled=true, invalidHostNameAllowed=false, context=null}, applicationName='null', compressorList=[], uuidRepresentation=JAVA_LEGACY, serverApi=null, autoEncryptionSettings=null, dnsClient=null, inetAddressResolver=null, contextProvider=null, timeoutMS=null}
2025-01-26T08:45:48.540+05:30  INFO 12716 --- [backend] [lyk.mongodb.net] org.mongodb.driver.cluster               : Adding discovered server ac-o6rbt44-shard-00-02.cj8ilyk.mongodb.net:27017 to client view of cluster
2025-01-26T08:45:48.646+05:30  INFO 12716 --- [backend] [lyk.mongodb.net] org.mongodb.driver.cluster               : Adding discovered server ac-o6rbt44-shard-00-00.cj8ilyk.mongodb.net:27017 to client view of cluster
2025-01-26T08:45:48.654+05:30  INFO 12716 --- [backend] [lyk.mongodb.net] org.mongodb.driver.cluster               : Adding discovered server ac-o6rbt44-shard-00-01.cj8ilyk.mongodb.net:27017 to client view of cluster
2025-01-26T08:45:50.264+05:30  INFO 12716 --- [backend] [           main] c.cect.backend.BackendApplicationTests   : Started BackendApplicationTests in 10.181 seconds (process running for 13.191)
2025-01-26T08:45:52.209+05:30  INFO 12716 --- [backend] [ngodb.net:27017] org.mongodb.driver.cluster               : Monitor thread successfully connected to server with description ServerDescription{address=ac-o6rbt44-shard-00-02.cj8ilyk.mongodb.net:27017, type=REPLICA_SET_PRIMARY, cryptd=false, state=CONNECTED, ok=true, minWireVersion=0, maxWireVersion=25, maxDocumentSize=16777216, logicalSessionTimeoutMinutes=30, roundTripTimeNanos=1995733400, minRoundTripTimeNanos=0, setName='atlas-6xe1kd-shard-0', canonicalAddress=ac-o6rbt44-shard-00-02.cj8ilyk.mongodb.net:27017, hosts=[ac-o6rbt44-shard-00-00.cj8ilyk.mongodb.net:27017, ac-o6rbt44-shard-00-02.cj8ilyk.mongodb.net:27017, ac-o6rbt44-shard-00-01.cj8ilyk.mongodb.net:27017], passives=[], arbiters=[], primary='ac-o6rbt44-shard-00-02.cj8ilyk.mongodb.net:27017', tagSet=TagSet{[Tag{name='availabilityZone', value='aps1-az2'}, Tag{name='diskState', value='READY'}, Tag{name='nodeType', value='ELECTABLE'}, Tag{name='provider', value='AWS'}, Tag{name='region', value='AP_SOUTH_1'}, Tag{name='workloadType', value='OPERATIONAL'}]}, electionId=7fffffff0000000000000330, setVersion=231, topologyVersion=TopologyVersion{processId=67953aedd2374ccf873b069d, counter=6}, lastWriteDate=Sun Jan 26 08:45:51 IST 2025, lastUpdateTimeNanos=219835323768100}
2025-01-26T08:45:52.209+05:30  INFO 12716 --- [backend] [ngodb.net:27017] org.mongodb.driver.cluster               : Monitor thread successfully connected to server with description ServerDescription{address=ac-o6rbt44-shard-00-00.cj8ilyk.mongodb.net:27017, type=REPLICA_SET_SECONDARY, cryptd=false, state=CONNECTED, ok=true, minWireVersion=0, maxWireVersion=25, maxDocumentSize=16777216, logicalSessionTimeoutMinutes=30, roundTripTimeNanos=1995733100, minRoundTripTimeNanos=0, setName='atlas-6xe1kd-shard-0', canonicalAddress=ac-o6rbt44-shard-00-00.cj8ilyk.mongodb.net:27017, hosts=[ac-o6rbt44-shard-00-00.cj8ilyk.mongodb.net:27017, ac-o6rbt44-shard-00-02.cj8ilyk.mongodb.net:27017, ac-o6rbt44-shard-00-01.cj8ilyk.mongodb.net:27017], passives=[], arbiters=[], primary='ac-o6rbt44-shard-00-02.cj8ilyk.mongodb.net:27017', tagSet=TagSet{[Tag{name='availabilityZone', value='aps1-az1'}, Tag{name='diskState', value='READY'}, Tag{name='nodeType', value='ELECTABLE'}, Tag{name='provider', value='AWS'}, Tag{name='region', value='AP_SOUTH_1'}, Tag{name='workloadType', value='OPERATIONAL'}]}, electionId=null, setVersion=231, topologyVersion=TopologyVersion{processId=67953c3af9449d84a2b37c7e, counter=4}, lastWriteDate=Sun Jan 26 08:45:51 IST 2025, lastUpdateTimeNanos=219835323768000}
2025-01-26T08:45:52.210+05:30  INFO 12716 --- [backend] [ngodb.net:27017] org.mongodb.driver.cluster               : Monitor thread successfully connected to server with description ServerDescription{address=ac-o6rbt44-shard-00-01.cj8ilyk.mongodb.net:27017, type=REPLICA_SET_SECONDARY, cryptd=false, state=CONNECTED, ok=true, minWireVersion=0, maxWireVersion=25, maxDocumentSize=16777216, logicalSessionTimeoutMinutes=30, roundTripTimeNanos=1995733400, minRoundTripTimeNanos=0, setName='atlas-6xe1kd-shard-0', canonicalAddress=ac-o6rbt44-shard-00-01.cj8ilyk.mongodb.net:27017, hosts=[ac-o6rbt44-shard-00-00.cj8ilyk.mongodb.net:27017, ac-o6rbt44-shard-00-02.cj8ilyk.mongodb.net:27017, ac-o6rbt44-shard-00-01.cj8ilyk.mongodb.net:27017], passives=[], arbiters=[], primary='ac-o6rbt44-shard-00-02.cj8ilyk.mongodb.net:27017', tagSet=TagSet{[Tag{name='availabilityZone', value='aps1-az3'}, Tag{name='diskState', value='READY'}, Tag{name='nodeType', value='ELECTABLE'}, Tag{name='provider', value='AWS'}, Tag{name='region', value='AP_SOUTH_1'}, Tag{name='workloadType', value='OPERATIONAL'}]}, electionId=null, setVersion=231, topologyVersion=TopologyVersion{processId=67953da4423a096b126a58f3, counter=3}, lastWriteDate=Sun Jan 26 08:45:51 IST 2025, lastUpdateTimeNanos=219835323768000}
]]></system-out>
    <system-err><![CDATA[Mockito is currently self-attaching to enable the inline-mock-maker. This will no longer work in future releases of the JDK. Please add Mockito as an agent to your build what is described in Mockito's documentation: https://javadoc.io/doc/org.mockito/mockito-core/latest/org/mockito/Mockito.html#0.3
WARNING: A Java agent has been loaded dynamically (C:\Users\user\.m2\repository\net\bytebuddy\byte-buddy-agent\1.15.11\byte-buddy-agent-1.15.11.jar)
WARNING: If a serviceability tool is in use, please run with -XX:+EnableDynamicAgentLoading to hide this warning
WARNING: If a serviceability tool is not in use, please run with -Djdk.instrument.traceUsage for more information
WARNING: Dynamic loading of agents will be disallowed by default in a future release
]]></system-err>
  </testcase>
</testsuite>